<?xml version="1.0" encoding="UTF-8"?>
<!-- Generated by org.testng.reporters.JUnitReportReporter -->
<testsuite hostname="Boakes00" name="Academy.validateTitle" tests="1" failures="0" timestamp="12 Sep 2017 14:31:40 GMT" time="0.217" errors="0">
  <testcase name="basepageNavigation" time="0.217" classname="Academy.validateTitle"/>
</testsuite> <!-- Academy.validateTitle -->
