<?xml version="1.0" encoding="UTF-8"?>
<!-- Generated by org.testng.reporters.JUnitReportReporter -->
<testsuite hostname="Boakes00" name="Academy.HomePage" tests="2" failures="0" timestamp="12 Sep 2017 14:31:40 GMT" time="12.406" errors="0">
  <testcase name="basepageNavigation" time="6.121" classname="Academy.HomePage"/>
  <testcase name="basepageNavigation" time="6.285" classname="Academy.HomePage"/>
</testsuite> <!-- Academy.HomePage -->
