<?xml version="1.0" encoding="UTF-8"?>
<!-- Generated by org.testng.reporters.JUnitReportReporter -->
<testsuite hostname="Boakes00" name="Academy.HomePage" tests="2" failures="0" timestamp="13 Sep 2017 08:09:59 GMT" time="13.995" errors="0">
  <testcase name="basepageNavigation" time="6.885" classname="Academy.HomePage"/>
  <testcase name="basepageNavigation" time="7.110" classname="Academy.HomePage"/>
</testsuite> <!-- Academy.HomePage -->
