<?xml version="1.0" encoding="UTF-8"?>
<!-- Generated by org.testng.reporters.JUnitReportReporter -->
<testsuite hostname="Boakes00" name="Academy.validatenavigationBar" tests="1" failures="0" timestamp="13 Sep 2017 08:09:59 GMT" time="0.141" errors="0">
  <testcase name="validateAppNavBar" time="0.141" classname="Academy.validatenavigationBar"/>
</testsuite> <!-- Academy.validatenavigationBar -->
