<?xml version="1.0" encoding="UTF-8"?>
<!-- Generated by org.testng.reporters.JUnitReportReporter -->
<testsuite hostname="Boakes00" name="Academy.validatenavigationBar" tests="1" failures="0" timestamp="13 Sep 2017 07:59:32 GMT" time="0.249" errors="0">
  <testcase name="basepageNavigation" time="0.249" classname="Academy.validatenavigationBar"/>
</testsuite> <!-- Academy.validatenavigationBar -->
