<?xml version="1.0" encoding="UTF-8"?>
<!-- Generated by org.testng.reporters.JUnitReportReporter -->
<testsuite hostname="Boakes00" name="Academy.HomePage" tests="2" failures="0" timestamp="13 Sep 2017 07:59:32 GMT" time="14.070" errors="0">
  <testcase name="basepageNavigation" time="7.426" classname="Academy.HomePage"/>
  <testcase name="basepageNavigation" time="6.644" classname="Academy.HomePage"/>
</testsuite> <!-- Academy.HomePage -->
