<?xml version="1.0" encoding="UTF-8"?>
<!-- Generated by org.testng.reporters.JUnitReportReporter -->
<testsuite skipped="0" hostname="Boakes00" name="Academy.HomePage" tests="2" failures="0" timestamp="12 Sep 2017 07:56:24 GMT" time="4.956" errors="0">
  <testcase name="basepageNavigation" time="1.596" classname="Academy.HomePage"/>
  <testcase name="basepageNavigation" time="3.360" classname="Academy.HomePage"/>
</testsuite> <!-- Academy.HomePage -->
