<?xml version="1.0" encoding="UTF-8"?>
<!-- Generated by org.testng.reporters.JUnitReportReporter -->
<testsuite skipped="0" hostname="Boakes00" name="Academy.validatenavigationBar" tests="1" failures="0" timestamp="12 Sep 2017 07:56:24 GMT" time="0.186" errors="0">
  <testcase name="basepageNavigation" time="0.186" classname="Academy.validatenavigationBar"/>
</testsuite> <!-- Academy.validatenavigationBar -->
